# JRE version: Java(TM) SE Runtime Environment (11.0.2+9) (build 11.0.2+9-LTS)
# Java VM: Java HotSpot(TM) 64-Bit Server VM (11.0.2+9-LTS, mixed mode, tiered, compressed oops, g1 gc, bsd-amd64)
Heap:
 garbage-first heap   total 131072K, used 40014K [0x0000000780000000, 0x0000000800000000)
  region size 1024K, 15 young (15360K), 1 survivors (1024K)
 Metaspace       used 20524K, capacity 20981K, committed 21248K, reserved 1069056K
  class space    used 2066K, capacity 2258K, committed 2304K, reserved 1048576K
GC Heap History (10 events):
Event: 1016.195 GC heap before
{Heap before GC invocations=628 (full 0):
 garbage-first heap   total 131072K, used 103254K [0x0000000780000000, 0x0000000800000000)
  region size 1024K, 76 young (77824K), 1 survivors (1024K)
 Metaspace       used 20437K, capacity 20853K, committed 21248K, reserved 1069056K
  class space    used 2058K, capacity 2258K, committed 2304K, reserved 1048576K
}
Event: 1016.195 GC heap after
{Heap after GC invocations=629 (full 0):
 garbage-first heap   total 131072K, used 26458K [0x0000000780000000, 0x0000000800000000)
  region size 1024K, 1 young (1024K), 1 survivors (1024K)
 Metaspace       used 20437K, capacity 20853K, committed 21248K, reserved 1069056K
  class space    used 2058K, capacity 2258K, committed 2304K, reserved 1048576K
}
Event: 1017.155 GC heap before
{Heap before GC invocations=629 (full 0):
 garbage-first heap   total 131072K, used 103258K [0x0000000780000000, 0x0000000800000000)
  region size 1024K, 76 young (77824K), 1 survivors (1024K)
 Metaspace       used 20437K, capacity 20853K, committed 21248K, reserved 1069056K
  class space    used 2058K, capacity 2258K, committed 2304K, reserved 1048576K
}
Event: 1017.156 GC heap after
{Heap after GC invocations=630 (full 0):
 garbage-first heap   total 131072K, used 26464K [0x0000000780000000, 0x0000000800000000)
  region size 1024K, 1 young (1024K), 1 survivors (1024K)
 Metaspace       used 20437K, capacity 20853K, committed 21248K, reserved 1069056K
  class space    used 2058K, capacity 2258K, committed 2304K, reserved 1048576K
}
Event: 1017.962 GC heap before
{Heap before GC invocations=630 (full 0):
 garbage-first heap   total 131072K, used 103264K [0x0000000780000000, 0x0000000800000000)
  region size 1024K, 76 young (77824K), 1 survivors (1024K)
 Metaspace       used 20437K, capacity 20853K, committed 21248K, reserved 1069056K
  class space    used 2058K, capacity 2258K, committed 2304K, reserved 1048576K
}
Event: 1017.963 GC heap after
{Heap after GC invocations=631 (full 0):
 garbage-first heap   total 131072K, used 26465K [0x0000000780000000, 0x0000000800000000)
  region size 1024K, 1 young (1024K), 1 survivors (1024K)
 Metaspace       used 20437K, capacity 20853K, committed 21248K, reserved 1069056K
  class space    used 2058K, capacity 2258K, committed 2304K, reserved 1048576K
}
Event: 1018.800 GC heap before
{Heap before GC invocations=631 (full 0):
 garbage-first heap   total 131072K, used 103265K [0x0000000780000000, 0x0000000800000000)
  region size 1024K, 76 young (77824K), 1 survivors (1024K)
 Metaspace       used 20437K, capacity 20853K, committed 21248K, reserved 1069056K
  class space    used 2058K, capacity 2258K, committed 2304K, reserved 1048576K
}
Event: 1018.800 GC heap after
{Heap after GC invocations=632 (full 0):
 garbage-first heap   total 131072K, used 26467K [0x0000000780000000, 0x0000000800000000)
  region size 1024K, 1 young (1024K), 1 survivors (1024K)
 Metaspace       used 20437K, capacity 20853K, committed 21248K, reserved 1069056K
  class space    used 2058K, capacity 2258K, committed 2304K, reserved 1048576K
}
Event: 1019.903 GC heap before
{Heap before GC invocations=632 (full 0):
 garbage-first heap   total 131072K, used 103267K [0x0000000780000000, 0x0000000800000000)
  region size 1024K, 76 young (77824K), 1 survivors (1024K)
 Metaspace       used 20437K, capacity 20853K, committed 21248K, reserved 1069056K
  class space    used 2058K, capacity 2258K, committed 2304K, reserved 1048576K
}
Event: 1019.903 GC heap after
{Heap after GC invocations=633 (full 0):
 garbage-first heap   total 131072K, used 26702K [0x0000000780000000, 0x0000000800000000)
  region size 1024K, 1 young (1024K), 1 survivors (1024K)
 Metaspace       used 20437K, capacity 20853K, committed 21248K, reserved 1069056K
  class space    used 2058K, capacity 2258K, committed 2304K, reserved 1048576K
}

